<?xml version="1.0" encoding="UTF-8"?>
<!-- Generated by org.testng.reporters.JUnitReportReporter -->
<testsuite skipped="0" hostname="DESKTOP-KF5NNK8" name="appPagesTests.LoginPageTest" tests="2" failures="0" timestamp="2020-07-18T19:29:18 IST" time="15.230" errors="0">
  <testcase name="loginToAmazonTest" time="13.735" classname="appPagesTests.LoginPageTest"/>
  <system-out/>
  <testcase name="amazonLogoTitleTest" time="1.495" classname="appPagesTests.LoginPageTest"/>
  <system-out/>
</testsuite> <!-- appPagesTests.LoginPageTest -->
