<?xml version="1.0" encoding="UTF-8"?>
<!-- Generated by org.testng.reporters.JUnitReportReporter -->
<testsuite skipped="0" hostname="DESKTOP-KF5NNK8" name="appPagesTests.LoginPageTest" tests="3" failures="0" timestamp="2020-07-19T22:30:06 IST" time="18.616" errors="0">
  <testcase name="loginToAmazonTest" time="11.999" classname="appPagesTests.LoginPageTest"/>
  <system-out/>
  <testcase name="amazonFailedTest" time="0.777" classname="appPagesTests.LoginPageTest"/>
  <system-out/>
  <testcase name="amazonLogoTitleTest" time="5.840" classname="appPagesTests.LoginPageTest"/>
  <system-out/>
</testsuite> <!-- appPagesTests.LoginPageTest -->
