<?xml version="1.0" encoding="UTF-8"?>
<!-- Generated by org.testng.reporters.JUnitReportReporter -->
<testsuite skipped="0" hostname="DESKTOP-KF5NNK8" name="appPagesTests.LoginPageTest" tests="3" failures="0" timestamp="2020-07-19T22:10:38 IST" time="13.654" errors="0">
  <testcase name="loginToAmazonTest" time="10.206" classname="appPagesTests.LoginPageTest"/>
  <system-out/>
  <testcase name="amazonFailedTest" time="0.969" classname="appPagesTests.LoginPageTest"/>
  <system-out/>
  <testcase name="amazonLogoTitleTest" time="2.479" classname="appPagesTests.LoginPageTest"/>
  <system-out/>
</testsuite> <!-- appPagesTests.LoginPageTest -->
